#
# A fatal error has been detected by the Java Runtime Environment:
#
#  EXCEPTION_ACCESS_VIOLATION (0xc0000005) at pc=0x08b0c585, pid=7228, tid=7184
#
# JRE version: 6.0_17-b04
# Java VM: Java HotSpot(TM) Client VM (14.3-b01 mixed mode windows-x86 )
# Problematic frame:
# C  0x08b0c585
#
# If you would like to submit a bug report, please visit:
#   http://java.sun.com/webapps/bugreport/crash.jsp
#

---------------  T H R E A D  ---------------

Current thread (0x27cab000):  JavaThread "Code Analyzer updating thread" [_thread_in_vm, id=7184, stack(0x34a30000,0x34ab0000)]

siginfo: ExceptionCode=0xc0000005, reading address 0x00000000

Registers:
EAX=0x00000000, EBX=0x27cab110, ECX=0x27cab000, EDX=0x08c267a4
ESP=0x34aaf194, EBP=0x34aaf1dc, ESI=0x27cab000, EDI=0x00000000
EIP=0x08b0c585, EFLAGS=0x00010246

Top of Stack: (sp=0x34aaf194)
0x34aaf194:   27e0e990 27cab110 73f02fba 34aaf238
0x34aaf1a4:   08bfdff0 08bff2f0 ffffffff 34aaf1c0
0x34aaf1b4:   08a110e0 27cab000 34aafc54 34aaf1f0
0x34aaf1c4:   08b0f5b9 27cab000 27cab000 0f10090c
0x34aaf1d4:   000004bb 08c267a4 34aaf1f4 73f010fd
0x34aaf1e4:   27cab110 27e0e990 00000000 34aaf208
0x34aaf1f4:   34aafa78 73f02fea 27cab110 27e0e990
0x34aaf204:   00000000 00272dc7 34aafa6c 34aaf4a8 

Instructions: (pc=0x08b0c585)
0x08b0c575:   00 00 00 74 08 8d 4d f0 e8 3e 24 08 00 8b 7d 10
0x08b0c585:   8b 07 c7 45 e0 0c 00 00 00 8b 48 08 0f b7 51 26 


Stack: [0x34a30000,0x34ab0000],  sp=0x34aaf194,  free space=508k
Native frames: (J=compiled Java code, j=interpreted, Vv=VM code, C=native code)
C  0x08b0c585
C  0x73f010fd
C  0x73f02fea
j  com.mathworks.widgets.text.mcode.MLint.nativeGetMessages(Ljava/lang/String;Ljava/lang/String;)Ljava/util/List;+0
j  com.mathworks.widgets.text.mcode.MLint.getMessages(Ljava/lang/String;Ljava/lang/String;Lcom/mathworks/widgets/text/mcode/MLintConfiguration;Z)Ljava/util/List;+67
j  com.mathworks.widgets.text.mcode.analyzer.CodeAnalyzerThread.doMLint()V+95
j  com.mathworks.widgets.text.mcode.analyzer.CodeAnalyzerThread.access$400(Lcom/mathworks/widgets/text/mcode/analyzer/CodeAnalyzerThread;)V+1
j  com.mathworks.widgets.text.mcode.analyzer.CodeAnalyzerThread$MLintRunnable.run()V+14
j  java.lang.Thread.run()V+11
v  ~StubRoutines::call_stub
C  0x08afcf9c
C  0x08b841d1
C  0x08afd167
C  0x08afd1dd
C  0x08b26290
C  0x08be0414
C  0x08b83e4c
C  0x7d919565
C  [kernel32.dll+0x4ee1c]
C  [ntdll.dll+0x637eb]
C  [ntdll.dll+0x637be]

Java frames: (J=compiled Java code, j=interpreted, Vv=VM code)
j  com.mathworks.widgets.text.mcode.MLint.nativeGetMessages(Ljava/lang/String;Ljava/lang/String;)Ljava/util/List;+0
j  com.mathworks.widgets.text.mcode.MLint.getMessages(Ljava/lang/String;Ljava/lang/String;Lcom/mathworks/widgets/text/mcode/MLintConfiguration;Z)Ljava/util/List;+67
j  com.mathworks.widgets.text.mcode.analyzer.CodeAnalyzerThread.doMLint()V+95
j  com.mathworks.widgets.text.mcode.analyzer.CodeAnalyzerThread.access$400(Lcom/mathworks/widgets/text/mcode/analyzer/CodeAnalyzerThread;)V+1
j  com.mathworks.widgets.text.mcode.analyzer.CodeAnalyzerThread$MLintRunnable.run()V+14
j  java.lang.Thread.run()V+11
v  ~StubRoutines::call_stub

---------------  P R O C E S S  ---------------

Java Threads: ( => current thread )
=>0x27cab000 JavaThread "Code Analyzer updating thread" [_thread_in_vm, id=7184, stack(0x34a30000,0x34ab0000)]
  0x27caa800 JavaThread "FileDecorationCache request queue" daemon [_thread_blocked, id=9496, stack(0x2a0d0000,0x2a150000)]
  0x27caa400 JavaThread "Image Fetcher 0" daemon [_thread_blocked, id=3436, stack(0x086f0000,0x08770000)]
  0x27ca9c00 JavaThread "pool-14-thread-1" [_thread_blocked, id=8952, stack(0x08670000,0x086f0000)]
  0x2265cc00 JavaThread "KeepAlive0" daemon [_thread_blocked, id=6452, stack(0x085c0000,0x08640000)]
  0x27ab9800 JavaThread "pool-15-thread-1" [_thread_blocked, id=5832, stack(0x08540000,0x085c0000)]
  0x27abc800 JavaThread "CommGroup select thread com.mathworks.toolbox.distcomp.pmode.io.CommunicationGroup@8d9862" daemon [_thread_in_native, id=8096, stack(0x084c0000,0x08540000)]
  0x27aba400 JavaThread "LocalScheduler10" daemon [_thread_in_native, id=5644, stack(0x08310000,0x08390000)]
  0x27abbc00 JavaThread "LocalScheduler9" daemon [_thread_blocked, id=6620, stack(0x08290000,0x08310000)]
  0x27abb800 JavaThread "Code Analyzer updating thread" [_thread_blocked, id=4308, stack(0x34ab0000,0x34b30000)]
  0x27abc400 JavaThread "LocalScheduler8" daemon [_thread_blocked, id=10096, stack(0x34f30000,0x34fb0000)]
  0x27abac00 JavaThread "LocalScheduler7" daemon [_thread_blocked, id=5720, stack(0x349b0000,0x34a30000)]
  0x27aba000 JavaThread "Code Analyzer updating thread" [_thread_blocked, id=9644, stack(0x29a50000,0x29ad0000)]
  0x27ab9400 JavaThread "LocalScheduler6" daemon [_thread_blocked, id=9944, stack(0x34930000,0x349b0000)]
  0x22a70400 JavaThread "LocalScheduler5" daemon [_thread_blocked, id=9740, stack(0x348b0000,0x34930000)]
  0x2265fc00 JavaThread "LocalScheduler4" daemon [_thread_blocked, id=3324, stack(0x2c580000,0x2c600000)]
  0x22a6d400 JavaThread "LocalScheduler3" daemon [_thread_blocked, id=920, stack(0x083a0000,0x08420000)]
  0x2265d000 JavaThread "XPCOMThread" [_thread_in_native, id=8736, stack(0x374b0000,0x37cb0000)]
  0x22a70000 JavaThread "Browser Events Thread" daemon [_thread_blocked, id=3700, stack(0x2b140000,0x2b1c0000)]
  0x2265f000 JavaThread "com.jniwrapper.NativeResourceCollector" daemon [_thread_blocked, id=4412, stack(0x27a20000,0x27aa0000)]
  0x22660000 JavaThread "XPCOM" daemon [_thread_in_native, id=6924, stack(0x08780000,0x08800000)]
  0x099a7000 JavaThread "FreeableDirectByteBuffer reference reaper" daemon [_thread_blocked, id=9200, stack(0x2b8d0000,0x2b950000)]
  0x2265e800 JavaThread "LocalScheduler2" daemon [_thread_blocked, id=5128, stack(0x2afc0000,0x2b040000)]
  0x2265d800 JavaThread "Thread-66" [_thread_blocked, id=5124, stack(0x0d660000,0x0d6e0000)]
  0x2265dc00 JavaThread "LocalScheduler1" daemon [_thread_blocked, id=8880, stack(0x2ade0000,0x2ae60000)]
  0x2265e400 JavaThread "LocalScheduler0" daemon [_thread_blocked, id=8680, stack(0x29930000,0x299b0000)]
  0x22a6cc00 JavaThread "Prefs Updater" daemon [_thread_blocked, id=5200, stack(0x299d0000,0x29a50000)]
  0x22a6f800 JavaThread "Active Reference Queue Daemon" daemon [_thread_blocked, id=10224, stack(0x279a0000,0x27a20000)]
  0x22a6f400 JavaThread "Timer-1" daemon [_thread_blocked, id=3320, stack(0x27920000,0x279a0000)]
  0x22a6ec00 JavaThread "ClipboardMonitor Timer" daemon [_thread_blocked, id=8612, stack(0x278a0000,0x27920000)]
  0x22a6d800 JavaThread "Explorer NavigationContext request queue" daemon [_thread_blocked, id=4968, stack(0x27820000,0x278a0000)]
  0x099aac00 JavaThread "AddressBar directory emptiness poller" daemon [_thread_blocked, id=9424, stack(0x276a0000,0x27720000)]
  0x099aa400 JavaThread "Explorer Refresh Service 3021676" daemon [_thread_blocked, id=8760, stack(0x274c0000,0x27540000)]
  0x099aa000 JavaThread "Thread-4" daemon [_thread_blocked, id=8492, stack(0x26e90000,0x26f10000)]
  0x099a9800 JavaThread "TimerQueue" daemon [_thread_blocked, id=5080, stack(0x23290000,0x23310000)]
  0x099a8000 JavaThread "Thread-3" daemon [_thread_blocked, id=8516, stack(0x22e60000,0x22ee0000)]
  0x099a6400 JavaThread "AWT-EventQueue-0" [_thread_blocked, id=8556, stack(0x22de0000,0x22e60000)]
  0x099a7c00 JavaThread "AWT-Shutdown" [_thread_blocked, id=2628, stack(0x22be0000,0x22c60000)]
  0x099a9400 JavaThread "FelixPackageAdmin" daemon [_thread_blocked, id=9984, stack(0x22fe0000,0x23060000)]
  0x099a8c00 JavaThread "FelixStartLevel" daemon [_thread_blocked, id=8424, stack(0x22f60000,0x22fe0000)]
  0x099a8800 JavaThread "FelixDispatchQueue" daemon [_thread_blocked, id=8100, stack(0x22ee0000,0x22f60000)]
  0x099a7400 JavaThread "com.google.common.base.internal.Finalizer" daemon [_thread_blocked, id=4332, stack(0x22d60000,0x22de0000)]
  0x099a6800 JavaThread "AWT-Windows" daemon [_thread_in_native, id=8732, stack(0x22c60000,0x22ce0000)]
  0x099a5c00 JavaThread "Java2D Disposer" daemon [_thread_blocked, id=9620, stack(0x0ff20000,0x0ffa0000)]
  0x099a4c00 JavaThread "Timer-0" [_thread_blocked, id=7320, stack(0x0fea0000,0x0ff20000)]
  0x099a4400 JavaThread "EventMgr Dispatcher" daemon [_thread_in_native, id=5460, stack(0x21410000,0x21c10000)]
  0x099a3800 JavaThread "Low Memory Detector" daemon [_thread_blocked, id=9636, stack(0x0fb00000,0x0fb80000)]
  0x0f088400 JavaThread "CompilerThread0" daemon [_thread_blocked, id=8572, stack(0x0f300000,0x0fb00000)]
  0x099a3400 JavaThread "Attach Listener" daemon [_thread_blocked, id=9376, stack(0x0f280000,0x0f300000)]
  0x0996fc00 JavaThread "Finalizer" daemon [_thread_blocked, id=9468, stack(0x0f000000,0x0f080000)]
  0x0996b000 JavaThread "Reference Handler" daemon [_thread_blocked, id=5476, stack(0x099b0000,0x09a30000)]
  0x08e8fc00 JavaThread "main" [_thread_in_native, id=5640, stack(0x00430000,0x00c30000)]

Other Threads:
  0x09968400 VMThread [stack: 0x0e800000,0x0f000000] [id=7664]
  0x0f093400 WatcherThread [stack: 0x20010000,0x20810000] [id=9528]

VM state:not at safepoint (normal execution)

VM Mutex/Monitor currently owned by a thread: None

Heap
 def new generation   total 28992K, used 23751K [0x12010000, 0x13f80000, 0x14010000)
  eden space 25792K,  86% used [0x12010000, 0x135eb810, 0x13940000)
  from space 3200K,  42% used [0x13940000, 0x13a964b0, 0x13c60000)
  to   space 3200K,   0% used [0x13c60000, 0x13c60000, 0x13f80000)
 tenured generation   total 96464K, used 57965K [0x14010000, 0x19e44000, 0x1a010000)
   the space 96464K,  60% used [0x14010000, 0x178ab620, 0x178ab800, 0x19e44000)
 compacting perm gen  total 52992K, used 52792K [0x1a010000, 0x1d3d0000, 0x20010000)
   the space 52992K,  99% used [0x1a010000, 0x1d39e1e0, 0x1d39e200, 0x1d3d0000)
No shared spaces configured.

Dynamic libraries:
0x00400000 - 0x00425000 	C:\Program Files\MATLAB\R2013a\bin\win32\MATLAB.exe
0x77be0000 - 0x77d1c000 	C:\Windows\SYSTEM32\ntdll.dll
0x77240000 - 0x77314000 	C:\Windows\system32\kernel32.dll
0x75c10000 - 0x75c5b000 	C:\Windows\system32\KERNELBASE.dll
0x7ef10000 - 0x7efa1000 	C:\Program Files\MATLAB\R2013a\bin\win32\libut.dll
0x7dce0000 - 0x7dd75000 	C:\Program Files\MATLAB\R2013a\bin\win32\libmwi18n.dll
0x10000000 - 0x1000b000 	C:\Program Files\MATLAB\R2013a\bin\win32\libmwresource_core.dll
0x00200000 - 0x00269000 	C:\Program Files\MATLAB\R2013a\bin\win32\MSVCP100.dll
0x00270000 - 0x0032f000 	C:\Program Files\MATLAB\R2013a\bin\win32\MSVCR100.dll
0x71400000 - 0x7140c000 	C:\Program Files\MATLAB\R2013a\bin\win32\boost_date_time-vc100-mt-1_49.dll
0x000d0000 - 0x000f5000 	C:\Program Files\MATLAB\R2013a\bin\win32\boost_filesystem-vc100-mt-1_49.dll
0x73f60000 - 0x73f67000 	C:\Program Files\MATLAB\R2013a\bin\win32\boost_system-vc100-mt-1_49.dll
0x779d0000 - 0x77a70000 	C:\Windows\system32\ADVAPI32.dll
0x77640000 - 0x776ec000 	C:\Windows\system32\msvcrt.dll
0x75fc0000 - 0x75fd9000 	C:\Windows\SYSTEM32\sechost.dll
0x77a70000 - 0x77b12000 	C:\Windows\system32\RPCRT4.dll
0x00330000 - 0x00351000 	C:\Program Files\MATLAB\R2013a\bin\win32\LIBEXPAT.dll
0x72eb0000 - 0x72ff9000 	C:\Program Files\MATLAB\R2013a\bin\win32\icuin49.dll
0x7ea10000 - 0x7eb17000 	C:\Program Files\MATLAB\R2013a\bin\win32\icuuc49.dll
0x00c30000 - 0x01d52000 	C:\Program Files\MATLAB\R2013a\bin\win32\icudt49.dll
0x73db0000 - 0x73dbd000 	C:\Program Files\MATLAB\R2013a\bin\win32\icuio49.dll
0x01d60000 - 0x01eb3000 	C:\Program Files\MATLAB\R2013a\bin\win32\libmwfl.dll
0x01ec0000 - 0x021e3000 	C:\Program Files\MATLAB\R2013a\bin\win32\libmwMATLAB_res.dll
0x021f0000 - 0x022a4000 	C:\Program Files\MATLAB\R2013a\bin\win32\boost_regex-vc100-mt-1_49.dll
0x77390000 - 0x77459000 	C:\Windows\system32\USER32.dll
0x76e70000 - 0x76ebe000 	C:\Windows\system32\GDI32.dll
0x77380000 - 0x7738a000 	C:\Windows\system32\LPK.dll
0x77b40000 - 0x77bdd000 	C:\Windows\system32\USP10.dll
0x00390000 - 0x0039e000 	C:\Program Files\MATLAB\R2013a\bin\win32\boost_signals-vc100-mt-1_49.dll
0x713a0000 - 0x713ae000 	C:\Program Files\MATLAB\R2013a\bin\win32\boost_thread-vc100-mt-1_49.dll
0x022b0000 - 0x02324000 	C:\Program Files\MATLAB\R2013a\bin\win32\boost_log-vc100-mt-1_49.dll
0x77940000 - 0x77945000 	C:\Windows\system32\PSAPI.DLL
0x75f80000 - 0x75fb5000 	C:\Windows\system32\WS2_32.dll
0x77e00000 - 0x77e06000 	C:\Windows\system32\NSI.dll
0x003a0000 - 0x003c8000 	C:\Program Files\MATLAB\R2013a\bin\win32\tbb.dll
0x75f00000 - 0x75f2b000 	C:\Windows\system32\imagehlp.dll
0x74970000 - 0x74995000 	C:\Windows\system32\POWRPROF.dll
0x770a0000 - 0x7723d000 	C:\Windows\system32\SETUPAPI.dll
0x75ed0000 - 0x75ef7000 	C:\Windows\system32\CFGMGR32.dll
0x77750000 - 0x777df000 	C:\Windows\system32\OLEAUT32.dll
0x777e0000 - 0x7793c000 	C:\Windows\system32\ole32.dll
0x75d50000 - 0x75d62000 	C:\Windows\system32\DEVOBJ.dll
0x003d0000 - 0x003e9000 	C:\Program Files\MATLAB\R2013a\bin\win32\libmwmfl_scalar.dll
0x70e80000 - 0x70f6b000 	C:\Windows\system32\dbghelp.dll
0x02330000 - 0x025c6000 	C:\Program Files\MATLAB\R2013a\bin\win32\libmwservices.dll
0x7db50000 - 0x7dc0c000 	C:\Program Files\MATLAB\R2013a\bin\win32\libmx.dll
0x025d0000 - 0x025e8000 	C:\Program Files\MATLAB\R2013a\bin\win32\tbbmalloc.dll
0x025f0000 - 0x02604000 	C:\Program Files\MATLAB\R2013a\bin\win32\zlib1.dll
0x02610000 - 0x0264d000 	C:\Program Files\MATLAB\R2013a\bin\win32\libmwregexp.dll
0x7df40000 - 0x7df78000 	C:\Program Files\MATLAB\R2013a\bin\win32\mpath.dll
0x72990000 - 0x72ea3000 	C:\Program Files\MATLAB\R2013a\bin\win32\mlutil.dll
0x7d670000 - 0x7d6d2000 	C:\Program Files\MATLAB\R2013a\bin\win32\xmlcore.dll
0x02650000 - 0x02810000 	C:\Program Files\MATLAB\R2013a\bin\win32\xerces-c_2_7.dll
0x02810000 - 0x0282f000 	C:\Program Files\MATLAB\R2013a\bin\win32\libmwMATLAB_settings_res.dll
0x02830000 - 0x0283d000 	C:\Program Files\MATLAB\R2013a\bin\win32\boost_iostreams-vc100-mt-1_49.dll
0x02840000 - 0x0287e000 	C:\Program Files\MATLAB\R2013a\bin\win32\boost_serialization-vc100-mt-1_49.dll
0x75fe0000 - 0x76c2b000 	C:\Windows\system32\SHELL32.dll
0x77320000 - 0x77377000 	C:\Windows\system32\SHLWAPI.dll
0x02880000 - 0x02885000 	C:\Program Files\MATLAB\R2013a\bin\win32\libmwnativedisplay.dll
0x73090000 - 0x73114000 	C:\Windows\WinSxS\x86_microsoft.windows.common-controls_6595b64144ccf1df_5.82.7601.18201_none_ec80f00e8593ece5\COMCTL32.dll
0x77950000 - 0x779cb000 	C:\Windows\system32\COMDLG32.dll
0x73e80000 - 0x73e91000 	C:\Windows\system32\NETAPI32.dll
0x75370000 - 0x75379000 	C:\Windows\system32\netutils.dll
0x757f0000 - 0x75809000 	C:\Windows\system32\srvcli.dll
0x73e70000 - 0x73e7f000 	C:\Windows\system32\wkscli.dll
0x7f270000 - 0x7f2f7000 	C:\Program Files\MATLAB\R2013a\bin\win32\mcr.dll
0x02890000 - 0x02c1e000 	C:\Program Files\MATLAB\R2013a\bin\win32\iqm.dll
0x7f630000 - 0x7f6b1000 	C:\Program Files\MATLAB\R2013a\bin\win32\m_dispatcher.dll
0x7b920000 - 0x7be74000 	C:\Program Files\MATLAB\R2013a\bin\win32\m_interpreter.dll
0x73dc0000 - 0x73ddc000 	C:\Program Files\MATLAB\R2013a\bin\win32\libmex.dll
0x7d8b0000 - 0x7d910000 	C:\Program Files\MATLAB\R2013a\bin\win32\profiler.dll
0x02c20000 - 0x02e8c000 	C:\Program Files\MATLAB\R2013a\bin\win32\libmwmathutil.dll
0x734f0000 - 0x7350f000 	C:\Program Files\MATLAB\R2013a\bin\win32\libmwmathrng.dll
0x02e90000 - 0x02e9e000 	C:\Program Files\MATLAB\R2013a\bin\win32\libmwmfl_rng.dll
0x7c390000 - 0x7c43b000 	C:\Program Files\MATLAB\R2013a\bin\win32\libmwmathcore.dll
0x7e000000 - 0x7e048000 	C:\Program Files\MATLAB\R2013a\bin\win32\libmwspmatrix.dll
0x72390000 - 0x72540000 	C:\Program Files\MATLAB\R2013a\bin\win32\mcos.dll
0x02ea0000 - 0x02eeb000 	C:\Program Files\MATLAB\R2013a\bin\win32\libmwcholmod.dll
0x02f00000 - 0x02f0a000 	C:\Program Files\MATLAB\R2013a\bin\win32\libmwamd.dll
0x02f20000 - 0x02fc3000 	C:\Windows\WinSxS\x86_microsoft.vc90.crt_1fc8b3b9a1e18e3b_9.0.30729.6161_none_50934f2ebcb7eb57\MSVCR90.dll
0x02fd0000 - 0x02fda000 	C:\Program Files\MATLAB\R2013a\bin\win32\libmwcolamd.dll
0x02ff0000 - 0x02ffb000 	C:\Program Files\MATLAB\R2013a\bin\win32\libmwblas.dll
0x73d30000 - 0x73d41000 	C:\Program Files\MATLAB\R2013a\bin\win32\libmwbinder.dll
0x73ea0000 - 0x73ea9000 	C:\Program Files\MATLAB\R2013a\bin\win32\libmwompwrapper.dll
0x73030000 - 0x73064000 	C:\Program Files\MATLAB\R2013a\bin\win32\libmwlapack.dll
0x73bf0000 - 0x73c07000 	C:\Program Files\MATLAB\R2013a\bin\win32\m_pcodeio.dll
0x7e080000 - 0x7e0c9000 	C:\Program Files\MATLAB\R2013a\bin\win32\m_ir.dll
0x70000000 - 0x70590000 	C:\Program Files\MATLAB\R2013a\bin\win32\m_parser.dll
0x03000000 - 0x03011000 	C:\Program Files\MATLAB\R2013a\bin\win32\ir_xfmr.dll
0x03020000 - 0x0302e000 	C:\Program Files\MATLAB\R2013a\bin\win32\mtok.dll
0x73690000 - 0x736b1000 	C:\Program Files\MATLAB\R2013a\bin\win32\m_pcodegen.dll
0x7e1c0000 - 0x7e1e7000 	C:\Program Files\MATLAB\R2013a\bin\win32\libmwbridge.dll
0x7f390000 - 0x7f421000 	C:\Program Files\MATLAB\R2013a\bin\win32\udd.dll
0x7e6f0000 - 0x7e808000 	C:\Program Files\MATLAB\R2013a\bin\win32\libmwgui.dll
0x73c10000 - 0x73c2d000 	C:\Program Files\MATLAB\R2013a\bin\win32\graphics_util.dll
0x03030000 - 0x030e2000 	C:\Program Files\MATLAB\R2013a\bin\win32\libtex_base.dll
0x030f0000 - 0x0383c000 	C:\Program Files\MATLAB\R2013a\bin\win32\hg.dll
0x03840000 - 0x03886000 	C:\Program Files\MATLAB\R2013a\bin\win32\libmat.dll
0x03890000 - 0x03a79000 	C:\Program Files\MATLAB\R2013a\bin\win32\hdf5dll.dll
0x7d9d0000 - 0x7da76000 	C:\Program Files\MATLAB\R2013a\bin\win32\jmi.dll
0x03a90000 - 0x03a9c000 	C:\Program Files\MATLAB\R2013a\bin\win32\nativejava_services.dll
0x732b0000 - 0x732e2000 	C:\Program Files\MATLAB\R2013a\bin\win32\libmwhardcopy.dll
0x7de70000 - 0x7deb8000 	C:\Program Files\MATLAB\R2013a\bin\win32\libuij.dll
0x03aa0000 - 0x03c72000 	C:\Program Files\MATLAB\R2013a\bin\win32\hgdatatypes.dll
0x7d2e0000 - 0x7d39d000 	C:\Program Files\MATLAB\R2013a\bin\win32\hgutils.dll
0x03c80000 - 0x03d08000 	C:\Program Files\MATLAB\R2013a\bin\win32\udd_mi.dll
0x03d10000 - 0x03d3d000 	C:\Program Files\MATLAB\R2013a\bin\win32\libmwgbtutils.dll
0x03d40000 - 0x03d50000 	C:\Program Files\MATLAB\R2013a\bin\win32\libmwgbt.dll
0x74dc0000 - 0x75065000 	C:\Program Files\MATLAB\R2013a\bin\win32\uiw.dll
0x73ee0000 - 0x73ee8000 	C:\Program Files\MATLAB\R2013a\bin\win32\uinone.dll
0x03d50000 - 0x03d6e000 	C:\Program Files\MATLAB\R2013a\bin\win32\libmwnativefiledialogs.dll
0x03d70000 - 0x03d79000 	C:\Program Files\MATLAB\R2013a\bin\win32\libmwplatform_res.dll
0x03d80000 - 0x03d92000 	C:\Windows\system32\MPR.dll
0x03da0000 - 0x041d8000 	C:\Program Files\MATLAB\R2013a\bin\win32\mfc100.dll
0x73120000 - 0x73125000 	C:\Windows\system32\MSIMG32.dll
0x75100000 - 0x75151000 	C:\Windows\system32\WINSPOOL.DRV
0x73710000 - 0x73726000 	C:\Program Files\MATLAB\R2013a\bin\win32\mwoles05.DLL
0x7dc40000 - 0x7dc93000 	C:\Program Files\MATLAB\R2013a\bin\win32\comcli.dll
0x041e0000 - 0x04206000 	C:\Program Files\MATLAB\R2013a\bin\win32\ATL100.DLL
0x73e00000 - 0x73e0a000 	C:\Program Files\MATLAB\R2013a\bin\win32\mlautoregister.dll
0x04210000 - 0x0434c000 	C:\Program Files\MATLAB\R2013a\bin\win32\mvm.dll
0x77b20000 - 0x77b3f000 	C:\Windows\system32\IMM32.DLL
0x77d30000 - 0x77dfc000 	C:\Windows\system32\MSCTF.dll
0x74790000 - 0x747d0000 	C:\Windows\system32\UxTheme.dll
0x742b0000 - 0x742c3000 	C:\Windows\system32\dwmapi.dll
0x04570000 - 0x0457d000 	C:\Program Files\MATLAB\R2013a\bin\win32\MFC100ENU.DLL
0x04580000 - 0x045c2000 	C:\Program Files\MATLAB\R2013a\bin\win32\MVMLocal.dll
0x75bd0000 - 0x75bdb000 	C:\Windows\system32\profapi.dll

VM Arguments:
jvm_args: -Xss512k -XX:PermSize=32m -Xms64m -XX:NewRatio=3 -XX:MaxPermSize=96m -Xmx128m -XX:MaxDirectMemorySize=1200000000 -Dsun.java2d.noddraw=true -Dsun.awt.nopixfmt=true -Xshare:off -Xrs -Dsun.awt.disableMixing=true -Djava.library.path=C:\Program Files\MATLAB\R2013a\bin\win32;C:\Program Files\MATLAB\R2013a\sys\jxbrowser\win32\lib vfprintf abort -XX:ParallelGCThreads=6 
java_command: <unknown>
Launcher Type: generic

Environment Variables:
PATH=C:\Windows\system32;C:\Windows;C:\Windows\System32\Wbem;C:\Windows\System32\WindowsPowerShell\v1.0\;C:\Program Files\Intel\DMIX;C:\Program Files\Common Files\Acronis\SnapAPI\;C:\Program Files\SAS\SharedFiles\Formats;C:\Program Files\NetSupport DNA\DNA\Client;C:\Program Files\TortoiseHg\;C:\Python32;C:\strawberry\c\bin;C:\strawberry\perl\site\bin;C:\strawberry\perl\bin;C:\Program Files\MiKTeX 2.9\miktex\bin\;C:\Program Files\psexec\;C:\Program Files\SAS\SharedFiles\Secure;C:\Program Files\MATLAB\R2013a\runtime\win32;C:\Program Files\MATLAB\R2013a\bin
USERNAME=DMF_Temp
OS=Windows_NT
PROCESSOR_IDENTIFIER=x86 Family 6 Model 30 Stepping 5, GenuineIntel



---------------  S Y S T E M  ---------------

OS: Windows 7 Build 7601 Service Pack 1

CPU:total 8 (8 cores per cpu, 2 threads per core) family 6 model 30 stepping 5, cmov, cx8, fxsr, mmx, sse, sse2, sse3, ssse3, sse4.1, sse4.2, ht

Memory: 4k page, physical 3603752k(209436k free), swap 4194303k(2061248k free)

vm_info: Java HotSpot(TM) Client VM (14.3-b01) for windows-x86 JRE (1.6.0_17-b04), built on Oct 11 2009 00:52:06 by "java_re" with MS VC++ 7.1

time: Thu Mar 19 14:33:01 2015
elapsed time: 10776 seconds

